Abhijit Panda ---  Abhijitpanda/mod2

Harshitha -------  Harshithavkm/511

Priya Goshar ----  priyagosh/module2

Ankur Gupta -----  onkarhap/abcd

Vishal Shah -----  vishalnshah/aaaa

Pranjali --------  pranjalivya/abc

Lavanya  --------  lavanyavm/m2

Smit Patel ------  patelsmit2911/mod2

Mihir Jain ------  Mihir2916/test

Tamonash ------  Tamonash/mod2

Apurv Agrawal - Apurvagraw/all

Pinak  -----------  pinakpramanick/mod2

Durgapriya -----  Durgapriya197/mod2

Jayasree ---------  Jayasreeutti/mod2

Satyaki ----------  Satymaju/exam

Manish ----------  Manishng8/manishng8

Krishna ---------  Krish-pro/M2cap

Bijal ------------  Bijalmajethia/mod2

Jitendra --------  Jitendrakush/cgm2

IndraMohan ---  Imc3/2

Nishitha -------  Nishitha83/exam

Mani  ----------  Mani1821/mod2

Gayathri ------  gayathri-123/mod2

Shanmuga ----  shan1405/m2

Dhanlaxmi ---  Dhansv/M2

Sathish Reddy - sathishreddyjagan/mod2

Deepak -------  deepak2507/mod2

Haripriya ----  haripriyagv/m2

Sandhya -----  san1905
